[lauchpad-seedify.fund/pool_detail/ongoing/engines_of_fury/index.html]
[lauchpad-seedify.fund/pool_detail/ongoing/engines_of_fury/static/media/logo.png]
[backblue.gif]
[fade.gif]
[index.html]
[ajax.googleapis.com/ajax/libs/jquery/3.5.1/jquery.min.js]
[cdn.jsdelivr.net/npm/fork-awesome@1.2.0/css/fork-awesome.min.css]
[code.jquery.com/ui/1.12.1/jquery-ui.js]
[use.fontawesome.com/c5edcdb5e2.css]
[cdn.jsdelivr.net/npm/bootstrap@4.6.0/dist/css/bootstrap.min.css]
[stackpath.bootstrapcdn.com/bootstrap/4.5.1/js/bootstrap.min.js]
[cdn.jsdelivr.net/npm/popper.js@1.16.1/dist/umd/popper.min.js]
[cdn.tiny.cloud/1/invalid-origin/tinymce/5.10.4-130/tinymce.min.js]
[cdnjs.cloudflare.com/ajax/libs/web3/1.5.2/web3.min.js]
[lauchpad-seedify.fund/pool_detail/ongoing/engines_of_fury/chuck1.css]
[lauchpad-seedify.fund/pool_detail/ongoing/engines_of_fury/static/media/Logo1.svg]
[lauchpad-seedify.fund/pool_detail/ongoing/engines_of_fury/chuck2.css]
[img.api.cryptorank.io/coins/60x60.engines of fury1640256090908.png]
[lauchpad-seedify.fund/pool_detail/ongoing/engines_of_fury/index.html]
[cdn.jsdelivr.net/npm/fork-awesome@1.2.0/css/fork-awesome.min.css]
[use.fontawesome.com/c5edcdb5e2.css]
[cdn.jsdelivr.net/npm/bootstrap@4.6.0/dist/css/bootstrap.min.css]
[use.fontawesome.com/releases/v4.7.0/css/font-awesome-css.min.css]
[lauchpad-seedify.fund/pool_detail/ongoing/engines_of_fury/static/media/Adrianna-Bold.d978ad96.woff2]
[lauchpad-seedify.fund/pool_detail/ongoing/engines_of_fury/static/media/Adrianna-Regular.eb963de7.woff2]
[lauchpad-seedify.fund/pool_detail/ongoing/engines_of_fury/chuck1.css]
[lauchpad-seedify.fund/pool_detail/ongoing/engines_of_fury/static/media/medium.8a52409f.svg]
[lauchpad-seedify.fund/pool_detail/ongoing/engines_of_fury/chuck2.css]
[lauchpad-seedify.fund/pool_detail/ongoing/engines_of_fury/static/media/Logo1.svg]
[use.fontawesome.com/releases/v4.7.0/css/font-awesome-css.min.css]
[lauchpad-seedify.fund/pool_detail/ongoing/engines_of_fury/static/media/Adrianna-Bold.7f89d89d.html]
[lauchpad-seedify.fund/pool_detail/ongoing/engines_of_fury/static/media/Adrianna-Regular.e187d129.html]
[lauchpad-seedify.fund/pool_detail/ongoing/engines_of_fury/static/media/medium.8a52409f.svg]
[lauchpad-seedify.fund/pool_detail/ongoing/engines_of_fury/static/media/medium-hov.89a2ff84.html]
